[21:57:07] [ServerMain/INFO]: Environment: authHost='https://authserver.mojang.com', accountsHost='https://api.mojang.com', sessionHost='https://sessionserver.mojang.com', servicesHost='https://api.minecraftservices.com', name='PROD'
[21:57:08] [ServerMain/INFO]: Loaded 7 recipes
[21:57:08] [Server thread/INFO]: Starting minecraft server version 1.19.4
[21:57:08] [Server thread/INFO]: Loading properties
[21:57:09] [Server thread/INFO]: This server is running CraftBukkit version 3741-Spigot-d1bd3bd-ccbc6ab (MC: 1.19.4) (Implementing API version 1.19.4-R0.1-SNAPSHOT)
[21:57:09] [Server thread/INFO]: Debug logging is disabled
[21:57:09] [Server thread/INFO]: Server Ping Player Sample Count: 12
[21:57:09] [Server thread/INFO]: Using 4 threads for Netty based IO
[21:57:09] [Server thread/INFO]: Default game type: SURVIVAL
[21:57:09] [Server thread/INFO]: Generating keypair
[21:57:09] [Server thread/INFO]: Starting Minecraft server on *:25565
[21:57:09] [Server thread/INFO]: Using default channel type
[21:57:09] [Server thread/INFO]: [[ReCape Code]] Loading ReCapeVerificationSerivce v1.0-SNAPSHOT
[21:57:09] [Server thread/INFO]: Preparing level "world"
[21:57:09] [Server thread/INFO]: -------- World Settings For [world] --------
[21:57:09] [Server thread/INFO]: Arrow Despawn Rate: 1200 Trident Respawn Rate:1200
[21:57:09] [Server thread/INFO]: Allow Zombie Pigmen to spawn from portal blocks: true
[21:57:09] [Server thread/INFO]: Item Merge Radius: 2.5
[21:57:09] [Server thread/INFO]: Item Despawn Rate: 6000
[21:57:09] [Server thread/INFO]: View Distance: 10
[21:57:09] [Server thread/INFO]: Simulation Distance: 10
[21:57:09] [Server thread/INFO]: Nerfing mobs spawned from spawners: false
[21:57:09] [Server thread/INFO]: Zombie Aggressive Towards Villager: true
[21:57:09] [Server thread/INFO]: Experience Merge Radius: 3.0
[21:57:09] [Server thread/INFO]: Mob Spawn Range: 6
[21:57:09] [Server thread/INFO]: Cactus Growth Modifier: 100%
[21:57:09] [Server thread/INFO]: Cane Growth Modifier: 100%
[21:57:09] [Server thread/INFO]: Melon Growth Modifier: 100%
[21:57:09] [Server thread/INFO]: Mushroom Growth Modifier: 100%
[21:57:09] [Server thread/INFO]: Pumpkin Growth Modifier: 100%
[21:57:09] [Server thread/INFO]: Sapling Growth Modifier: 100%
[21:57:09] [Server thread/INFO]: Beetroot Growth Modifier: 100%
[21:57:09] [Server thread/INFO]: Carrot Growth Modifier: 100%
[21:57:09] [Server thread/INFO]: Potato Growth Modifier: 100%
[21:57:09] [Server thread/INFO]: Wheat Growth Modifier: 100%
[21:57:09] [Server thread/INFO]: NetherWart Growth Modifier: 100%
[21:57:09] [Server thread/INFO]: Vine Growth Modifier: 100%
[21:57:09] [Server thread/INFO]: Cocoa Growth Modifier: 100%
[21:57:09] [Server thread/INFO]: Bamboo Growth Modifier: 100%
[21:57:09] [Server thread/INFO]: SweetBerry Growth Modifier: 100%
[21:57:09] [Server thread/INFO]: Kelp Growth Modifier: 100%
[21:57:09] [Server thread/INFO]: TwistingVines Growth Modifier: 100%
[21:57:09] [Server thread/INFO]: WeepingVines Growth Modifier: 100%
[21:57:09] [Server thread/INFO]: CaveVines Growth Modifier: 100%
[21:57:09] [Server thread/INFO]: Entity Activation Range: An 32 / Mo 32 / Ra 48 / Mi 16 / Tiv true / Isa false
[21:57:09] [Server thread/INFO]: Custom Map Seeds:  Village: 10387312 Desert: 14357617 Igloo: 14357618 Jungle: 14357619 Swamp: 14357620 Monument: 10387313 Ocean: 14357621 Shipwreck: 165745295 End City: 10387313 Slime: 987234911 Nether: 30084232 Mansion: 10387319 Fossil: 14357921 Portal: 34222645
[21:57:09] [Server thread/INFO]: Hopper Transfer: 8 Hopper Check: 1 Hopper Amount: 1 Hopper Can Load Chunks: false
[21:57:09] [Server thread/INFO]: Entity Tracking Range: Pl 48 / An 48 / Mo 48 / Mi 32 / Di 128 / Other 64
[21:57:09] [Server thread/INFO]: Max TNT Explosions: 100
[21:57:09] [Server thread/INFO]: Tile Max Tick Time: 50ms Entity max Tick Time: 50ms
[21:57:09] [Server thread/INFO]: -------- World Settings For [world_nether] --------
[21:57:09] [Server thread/INFO]: Arrow Despawn Rate: 1200 Trident Respawn Rate:1200
[21:57:09] [Server thread/INFO]: Allow Zombie Pigmen to spawn from portal blocks: true
[21:57:09] [Server thread/INFO]: Item Merge Radius: 2.5
[21:57:09] [Server thread/INFO]: Item Despawn Rate: 6000
[21:57:09] [Server thread/INFO]: View Distance: 10
[21:57:09] [Server thread/INFO]: Simulation Distance: 10
[21:57:09] [Server thread/INFO]: Nerfing mobs spawned from spawners: false
[21:57:09] [Server thread/INFO]: Zombie Aggressive Towards Villager: true
[21:57:09] [Server thread/INFO]: Experience Merge Radius: 3.0
[21:57:09] [Server thread/INFO]: Mob Spawn Range: 6
[21:57:09] [Server thread/INFO]: Cactus Growth Modifier: 100%
[21:57:09] [Server thread/INFO]: Cane Growth Modifier: 100%
[21:57:09] [Server thread/INFO]: Melon Growth Modifier: 100%
[21:57:09] [Server thread/INFO]: Mushroom Growth Modifier: 100%
[21:57:09] [Server thread/INFO]: Pumpkin Growth Modifier: 100%
[21:57:09] [Server thread/INFO]: Sapling Growth Modifier: 100%
[21:57:09] [Server thread/INFO]: Beetroot Growth Modifier: 100%
[21:57:09] [Server thread/INFO]: Carrot Growth Modifier: 100%
[21:57:09] [Server thread/INFO]: Potato Growth Modifier: 100%
[21:57:09] [Server thread/INFO]: Wheat Growth Modifier: 100%
[21:57:09] [Server thread/INFO]: NetherWart Growth Modifier: 100%
[21:57:09] [Server thread/INFO]: Vine Growth Modifier: 100%
[21:57:09] [Server thread/INFO]: Cocoa Growth Modifier: 100%
[21:57:09] [Server thread/INFO]: Bamboo Growth Modifier: 100%
[21:57:09] [Server thread/INFO]: SweetBerry Growth Modifier: 100%
[21:57:09] [Server thread/INFO]: Kelp Growth Modifier: 100%
[21:57:09] [Server thread/INFO]: TwistingVines Growth Modifier: 100%
[21:57:09] [Server thread/INFO]: WeepingVines Growth Modifier: 100%
[21:57:09] [Server thread/INFO]: CaveVines Growth Modifier: 100%
[21:57:09] [Server thread/INFO]: Entity Activation Range: An 32 / Mo 32 / Ra 48 / Mi 16 / Tiv true / Isa false
[21:57:09] [Server thread/INFO]: Custom Map Seeds:  Village: 10387312 Desert: 14357617 Igloo: 14357618 Jungle: 14357619 Swamp: 14357620 Monument: 10387313 Ocean: 14357621 Shipwreck: 165745295 End City: 10387313 Slime: 987234911 Nether: 30084232 Mansion: 10387319 Fossil: 14357921 Portal: 34222645
[21:57:09] [Server thread/INFO]: Hopper Transfer: 8 Hopper Check: 1 Hopper Amount: 1 Hopper Can Load Chunks: false
[21:57:09] [Server thread/INFO]: Entity Tracking Range: Pl 48 / An 48 / Mo 48 / Mi 32 / Di 128 / Other 64
[21:57:09] [Server thread/INFO]: Max TNT Explosions: 100
[21:57:09] [Server thread/INFO]: Tile Max Tick Time: 50ms Entity max Tick Time: 50ms
[21:57:10] [Server thread/INFO]: -------- World Settings For [world_the_end] --------
[21:57:10] [Server thread/INFO]: Arrow Despawn Rate: 1200 Trident Respawn Rate:1200
[21:57:10] [Server thread/INFO]: Allow Zombie Pigmen to spawn from portal blocks: true
[21:57:10] [Server thread/INFO]: Item Merge Radius: 2.5
[21:57:10] [Server thread/INFO]: Item Despawn Rate: 6000
[21:57:10] [Server thread/INFO]: View Distance: 10
[21:57:10] [Server thread/INFO]: Simulation Distance: 10
[21:57:10] [Server thread/INFO]: Nerfing mobs spawned from spawners: false
[21:57:10] [Server thread/INFO]: Zombie Aggressive Towards Villager: true
[21:57:10] [Server thread/INFO]: Experience Merge Radius: 3.0
[21:57:10] [Server thread/INFO]: Mob Spawn Range: 6
[21:57:10] [Server thread/INFO]: Cactus Growth Modifier: 100%
[21:57:10] [Server thread/INFO]: Cane Growth Modifier: 100%
[21:57:10] [Server thread/INFO]: Melon Growth Modifier: 100%
[21:57:10] [Server thread/INFO]: Mushroom Growth Modifier: 100%
[21:57:10] [Server thread/INFO]: Pumpkin Growth Modifier: 100%
[21:57:10] [Server thread/INFO]: Sapling Growth Modifier: 100%
[21:57:10] [Server thread/INFO]: Beetroot Growth Modifier: 100%
[21:57:10] [Server thread/INFO]: Carrot Growth Modifier: 100%
[21:57:10] [Server thread/INFO]: Potato Growth Modifier: 100%
[21:57:10] [Server thread/INFO]: Wheat Growth Modifier: 100%
[21:57:10] [Server thread/INFO]: NetherWart Growth Modifier: 100%
[21:57:10] [Server thread/INFO]: Vine Growth Modifier: 100%
[21:57:10] [Server thread/INFO]: Cocoa Growth Modifier: 100%
[21:57:10] [Server thread/INFO]: Bamboo Growth Modifier: 100%
[21:57:10] [Server thread/INFO]: SweetBerry Growth Modifier: 100%
[21:57:10] [Server thread/INFO]: Kelp Growth Modifier: 100%
[21:57:10] [Server thread/INFO]: TwistingVines Growth Modifier: 100%
[21:57:10] [Server thread/INFO]: WeepingVines Growth Modifier: 100%
[21:57:10] [Server thread/INFO]: CaveVines Growth Modifier: 100%
[21:57:10] [Server thread/INFO]: Entity Activation Range: An 32 / Mo 32 / Ra 48 / Mi 16 / Tiv true / Isa false
[21:57:10] [Server thread/INFO]: Custom Map Seeds:  Village: 10387312 Desert: 14357617 Igloo: 14357618 Jungle: 14357619 Swamp: 14357620 Monument: 10387313 Ocean: 14357621 Shipwreck: 165745295 End City: 10387313 Slime: 987234911 Nether: 30084232 Mansion: 10387319 Fossil: 14357921 Portal: 34222645
[21:57:10] [Server thread/INFO]: Hopper Transfer: 8 Hopper Check: 1 Hopper Amount: 1 Hopper Can Load Chunks: false
[21:57:10] [Server thread/INFO]: Entity Tracking Range: Pl 48 / An 48 / Mo 48 / Mi 32 / Di 128 / Other 64
[21:57:10] [Server thread/INFO]: Max TNT Explosions: 100
[21:57:10] [Server thread/INFO]: Tile Max Tick Time: 50ms Entity max Tick Time: 50ms
[21:57:10] [Server thread/INFO]: Preparing start region for dimension minecraft:overworld
[21:57:12] [Worker-Main-8/INFO]: Preparing spawn area: 0%
[21:57:12] [Worker-Main-8/INFO]: Preparing spawn area: 0%
[21:57:12] [Worker-Main-10/INFO]: Preparing spawn area: 0%
[21:57:12] [Worker-Main-10/INFO]: Preparing spawn area: 0%
[21:57:12] [Worker-Main-8/INFO]: Preparing spawn area: 0%
[21:57:13] [Worker-Main-9/INFO]: Preparing spawn area: 0%
[21:57:13] [Worker-Main-2/INFO]: Preparing spawn area: 63%
[21:57:13] [Server thread/INFO]: Time elapsed: 3179 ms
[21:57:13] [Server thread/INFO]: Preparing start region for dimension minecraft:the_nether
[21:57:16] [Worker-Main-1/INFO]: Preparing spawn area: 0%
[21:57:16] [Worker-Main-1/INFO]: Preparing spawn area: 0%
[21:57:16] [Worker-Main-5/INFO]: Preparing spawn area: 0%
[21:57:16] [Worker-Main-6/INFO]: Preparing spawn area: 0%
[21:57:16] [Worker-Main-5/INFO]: Preparing spawn area: 0%
[21:57:16] [Worker-Main-5/INFO]: Preparing spawn area: 1%
[21:57:16] [Worker-Main-3/INFO]: Preparing spawn area: 92%
[21:57:16] [Server thread/INFO]: Time elapsed: 3028 ms
[21:57:16] [Server thread/INFO]: Preparing start region for dimension minecraft:the_end
[21:57:18] [Worker-Main-1/INFO]: Preparing spawn area: 0%
[21:57:18] [Worker-Main-1/INFO]: Preparing spawn area: 0%
[21:57:18] [Worker-Main-1/INFO]: Preparing spawn area: 0%
[21:57:18] [Worker-Main-11/INFO]: Preparing spawn area: 0%
[21:57:18] [Worker-Main-2/INFO]: Preparing spawn area: 34%
[21:57:19] [Server thread/INFO]: Time elapsed: 2299 ms
[21:57:19] [Server thread/INFO]: [[ReCape Code]] Enabling ReCapeVerificationSerivce v1.0-SNAPSHOT
[21:57:19] [Server thread/INFO]: Server permissions file permissions.yml is empty, ignoring it
[21:57:19] [Server thread/INFO]: Done (9.505s)! For help, type "help"
